2.520000
2.256000
2.253000
2.143000
2.159000
1.741000
1.761000
2.238000
9.970000
8.525000
4.102000
4.053000
4.160000
4.041000
1.728000
2.035000
2.278000
2.235000
18.497999
3.108000
3.214000
3.406000
3.264000
13.393000
13.531000
4.124000
4.399000
4.476000
4.567000
1.434000
1.761000
1.801000
1.618000
1.671000
1.668000
10.670000
10.719999
3.895000
3.929000
3.968000
21.626999
2.694000
3.039000
2.935000
0.958000
1.005000
10.086000
9.790000
2.851000
2.908000
1.144000
1.256000
0.867000
0.915000
13.232000
8.878000
9.096001
4.734000
4.709000
0.773000
1.044000
0.929000
1.036000
6.915000
7.230000
2.985000
3.150000
0.845000
0.881000
14.844999
2.178000
2.177000
8.065001
8.066999
2.678000
2.742000
1.026000
1.291000
0.690000
1.063000
7.338000
7.577000
3.223000
3.267000
15.118000
1.962000
2.077000
1.004000
1.012000
8.837000
8.806001
2.938000
2.869000
0.905000
1.051000
1.129000
1.242000
13.276000
8.809999
8.882000
4.223000
0.558000
0.491000
4.496000
4.591000
2.584000
0.468000
10.703000
1.277000
5.479000
5.159000
2.222000
0.534000
0.441000
4.427000
4.479000
9.104000
3.745000
0.480000
0.517000
5.791000
6.083000
