3.032000
2.986000
3.548000
3.622000
2.786000
2.447000
2.530000
2.461000
9.359000
8.606000
3.610000
3.437000
3.458000
3.421000
1.829000
2.118000
2.415000
2.931000
17.799999
3.817000
3.631000
3.119000
3.951000
12.834001
13.123000
4.407000
4.739000
4.658000
5.047000
2.717000
2.401000
2.055000
2.652000
2.485000
2.706000
2.729000
2.561000
13.333000
13.547000
5.293000
4.740000
5.204000
5.280000
25.423000
4.230000
3.759000
3.792000
3.723000
3.298000
2.191000
2.278000
2.369000
14.437000
14.467000
3.454000
3.451000
3.491000
1.961000
2.118000
1.835000
1.407000
1.671000
2.123000
19.960999
11.872000
12.122000
5.396000
5.025000
5.302000
1.715000
1.345000
1.544000
1.648000
2.052000
1.933000
9.343000
9.561999
4.639000
4.104000
4.611000
3.085000
2.170000
2.145000
20.278999
4.170000
3.505000
3.461000
13.132000
13.306999
5.606000
4.676000
4.789000
2.774000
2.243000
2.475000
3.405000
2.221000
2.579000
12.410000
12.298000
4.756000
4.130000
4.400000
23.580999
4.063000
3.339000
3.609000
2.542000
2.120000
2.199000
12.279000
12.415000
4.588000
4.197000
4.322000
2.524000
2.162000
2.073000
2.550000
1.855000
1.958000
18.233999
11.540999
11.601000
5.770000
5.462000
5.426000
1.868000
2.066000
1.862000
1.787000
8.954000
8.929999
4.138000
4.041000
1.670000
1.674000
16.704000
2.522000
7.858000
8.054999
2.976000
0.596000
0.507000
4.882000
4.950000
8.822000
2.095000
