2.893000
1.916000
1.923000
0.909000
1.127000
7.308000
7.326000
2.767000
2.883000
0.905000
0.939000
12.725000
1.798000
2.035000
1.995000
1.949000
0.958000
1.037000
1.186000
1.347000
7.044000
2.142000
2.309000
13.184000
2.078000
2.240000
0.849000
0.978000
8.089001
2.085000
2.376000
0.982000
1.023000
0.919000
1.109000
13.186000
8.818000
3.323000
3.474000
0.938000
1.045000
0.966000
1.060000
6.703000
1.906000
2.149000
0.999000
1.033000
12.706000
1.988000
2.226000
7.696000
2.152000
2.440000
0.823000
1.056000
0.827000
1.031000
6.827000
1.839000
1.935000
13.598000
2.240000
2.605000
0.960000
1.001000
8.653000
2.036000
1.989000
1.115000
1.010000
0.967000
0.949000
12.392000
8.056000
3.618000
3.750000
1.040000
1.061000
1.115000
1.325000
6.944000
2.300000
2.418000
0.882000
1.139000
13.922999
2.349000
2.464000
8.217999
2.163000
2.210000
1.162000
1.181000
0.990000
0.983000
6.784000
11.358001
3.324000
3.320000
1.054000
1.171000
0.888000
1.153000
8.035001
1.928000
2.139000
9.028000
2.417000
