2.581000
2.661000
2.651000
2.090000
2.305000
1.986000
1.934000
2.254000
8.666000
3.521000
3.282000
4.339000
3.994000
2.456000
2.443000
2.163000
2.669000
17.188999
4.289000
3.978000
3.916000
4.357000
13.608999
4.186000
3.748000
3.292000
3.770000
1.855000
2.128000
2.109000
2.427000
1.685000
1.887000
9.794000
2.915000
2.438000
3.022000
19.281000
2.885000
2.582000
2.594000
1.451000
1.735000
1.894000
10.728000
2.701000
2.675000
2.566000
1.501000
1.737000
1.906000
1.243000
1.375000
1.561000
16.579000
9.977000
3.467000
3.686000
3.713000
1.424000
1.878000
1.985000
1.508000
1.637000
1.746000
9.830000
2.889000
3.192000
3.348000
1.196000
1.479000
1.636000
18.576000
2.788000
2.896000
3.009000
11.652000
2.599000
2.627000
2.745000
1.228000
1.382000
1.362000
1.605000
1.906000
2.209000
10.946000
2.359000
2.284000
2.437000
19.125999
2.860000
3.078000
3.441000
1.620000
1.406000
1.634000
10.307000
2.860000
2.573000
2.425000
1.588000
1.464000
1.965000
1.602000
1.338000
1.284000
15.610000
10.072001
3.811000
4.138000
4.038000
1.586000
1.827000
1.701000
1.642000
1.803000
1.769000
10.005000
2.637000
2.833000
2.620000
14.865000
1.755000
2.259000
1.410000
