3.573000
3.921000
3.508000
3.195000
2.780000
3.046000
3.316000
2.506000
11.811000
12.028999
4.774000
4.170000
4.254000
4.608000
2.212000
2.078000
2.337000
2.338000
19.674000
4.022000
3.778000
3.883000
3.766000
14.023999
14.370000
5.910000
5.119000
5.006000
5.154000
3.348000
2.374000
2.384000
2.373000
3.485000
2.857000
3.106000
3.052000
13.758000
13.756001
5.557000
4.603000
4.930000
5.035000
26.416000
5.112000
3.816000
3.885000
3.984000
3.729000
3.110000
3.269000
3.209000
16.037001
16.437000
5.846000
4.803000
4.785000
5.078000
4.246000
3.084000
3.131000
3.141000
3.609000
2.724000
2.989000
2.860000
25.460999
15.396000
15.623000
6.727000
5.957000
5.940000
6.062000
3.332000
3.094000
2.923000
2.732000
3.788000
3.098000
3.336000
3.911000
14.457001
14.324000
5.750000
5.192000
5.595000
5.658000
3.724000
3.647000
2.864000
2.849000
26.379000
4.256000
4.679000
4.381000
4.304000
14.836000
14.962000
5.681000
5.634000
5.304000
5.193000
3.056000
3.097000
3.058000
3.056000
3.538000
3.510000
3.549000
3.981000
13.842000
14.186001
6.871000
6.929000
6.256000
6.652000
27.316000
5.066000
5.631000
5.181000
5.374000
4.046000
3.532000
3.169000
3.423000
16.636999
16.622999
5.896000
5.554000
5.350000
5.420000
3.612000
3.072000
2.932000
3.220000
3.624000
3.577000
2.999000
3.198000
24.320002
14.674001
14.870000
6.907000
7.190000
7.031000
7.105000
3.926000
3.601000
3.144000
3.306000
3.375000
3.535000
3.309000
3.447000
14.891001
14.903000
6.688000
6.893000
5.866000
6.147000
4.086000
4.146000
3.537000
27.147001
4.318000
5.228000
4.926000
15.347000
15.356999
4.790000
4.835000
5.041000
2.723000
2.302000
