3.005000
3.534000
2.932000
2.695000
2.281000
2.647000
2.830000
2.583000
11.549000
9.784000
4.071000
4.256000
4.489000
4.248000
2.017000
2.243000
2.432000
2.184000
20.938999
3.066000
3.095000
3.199000
3.465000
14.818000
14.823000
4.741000
4.569000
4.936000
4.842000
2.794000
1.953000
2.739000
2.717000
2.739000
1.681000
1.959000
2.414000
13.846000
14.158000
5.165000
4.927000
5.126000
4.770000
24.685999
3.532000
2.843000
3.319000
3.395000
2.566000
1.853000
2.231000
2.433000
13.639000
13.731000
5.551000
4.821000
5.162000
5.206000
2.521000
2.509000
2.534000
2.652000
3.138000
2.337000
2.529000
22.162001
14.595000
14.382000
6.962000
5.783000
5.784000
2.568000
2.386000
2.585000
2.567000
2.424000
2.795000
12.125000
11.986000
5.478000
4.284000
4.404000
2.153000
2.266000
2.526000
22.358000
4.168000
3.575000
3.567000
13.287001
13.131001
5.140000
4.400000
4.600000
2.881000
2.001000
2.132000
2.973000
2.663000
2.535000
12.396000
12.269000
5.273000
4.520000
4.693000
22.827999
3.986000
3.379000
3.610000
2.849000
2.516000
2.444000
13.186999
13.302999
4.869000
4.309000
4.700000
3.005000
2.645000
2.581000
2.541000
2.273000
2.544000
20.856001
14.167000
13.999001
7.202000
6.390000
6.465000
2.876000
2.118000
2.065000
2.205000
1.953000
2.117000
11.616000
11.516000
4.926000
4.443000
4.718000
3.070000
19.926001
3.512000
3.837000
4.315000
2.395000
2.712000
14.080000
14.339000
5.740000
5.012000
4.972000
2.482000
2.063000
2.370000
2.469000
9.611000
2.732000
2.750000
11.104000
21.469000
5.687000
4.510000
4.546000
2.623000
1.993000
2.156000
2.376000
11.221000
10.153000
3.645000
3.962000
4.055000
2.193000
2.380000
2.519000
2.401000
2.747000
18.809999
11.603000
4.768000
12.464000
5.953000
5.918000
4.285000
2.279000
2.259000
2.401000
2.162000
2.479000
10.556999
10.398000
4.961000
4.673000
4.962000
3.152000
2.503000
2.440000
22.819000
4.042000
3.338000
3.601000
13.594000
12.968000
5.325000
4.663000
4.794000
2.537000
2.305000
2.252000
1.389000
8.101999
7.547000
13.828000
